SUBMITTED
/opt/src/lenet5.py --action train --dataPath /opt/data --batchSize 120 --endTriggerType epoch --endTriggerNum 20
2019-10-23 19:09:14 WARN  NativeCodeLoader:62 - Unable to load native-hadoop library for your platform... using builtin-java classes where applicable
2019-10-23 19:09:15 INFO  SparkContext:54 - Running Spark version 2.4.0
2019-10-23 19:09:15 INFO  SparkContext:54 - Submitted application: lenet5
2019-10-23 19:09:15 INFO  SecurityManager:54 - Changing view acls to: root
2019-10-23 19:09:15 INFO  SecurityManager:54 - Changing modify acls to: root
2019-10-23 19:09:15 INFO  SecurityManager:54 - Changing view acls groups to: 
2019-10-23 19:09:15 INFO  SecurityManager:54 - Changing modify acls groups to: 
2019-10-23 19:09:15 INFO  SecurityManager:54 - SecurityManager: authentication disabled; ui acls disabled; users  with view permissions: Set(root); groups with view permissions: Set(); users  with modify permissions: Set(root); groups with modify permissions: Set()
2019-10-23 19:09:15 INFO  Utils:54 - Successfully started service 'sparkDriver' on port 35069.
2019-10-23 19:09:15 INFO  SparkEnv:54 - Registering MapOutputTracker
2019-10-23 19:09:15 INFO  SparkEnv:54 - Registering BlockManagerMaster
2019-10-23 19:09:15 INFO  BlockManagerMasterEndpoint:54 - Using org.apache.spark.storage.DefaultTopologyMapper for getting topology information
2019-10-23 19:09:15 INFO  BlockManagerMasterEndpoint:54 - BlockManagerMasterEndpoint up
2019-10-23 19:09:15 INFO  DiskBlockManager:54 - Created local directory at /tmp/blockmgr-f77cb3f4-df8e-4531-aed0-4d7b66712493
2019-10-23 19:09:15 INFO  MemoryStore:54 - MemoryStore started with capacity 366.3 MB
2019-10-23 19:09:15 INFO  SparkEnv:54 - Registering OutputCommitCoordinator
2019-10-23 19:09:15 INFO  log:192 - Logging initialized @1948ms
2019-10-23 19:09:15 INFO  Server:351 - jetty-9.3.z-SNAPSHOT, build timestamp: unknown, git hash: unknown
2019-10-23 19:09:15 INFO  Server:419 - Started @2011ms
2019-10-23 19:09:15 INFO  AbstractConnector:278 - Started ServerConnector@24f4602f{HTTP/1.1,[http/1.1]}{0.0.0.0:4040}
2019-10-23 19:09:15 INFO  Utils:54 - Successfully started service 'SparkUI' on port 4040.
2019-10-23 19:09:15 INFO  ContextHandler:781 - Started o.s.j.s.ServletContextHandler@203688eb{/jobs,null,AVAILABLE,@Spark}
2019-10-23 19:09:15 INFO  ContextHandler:781 - Started o.s.j.s.ServletContextHandler@9fdc65f{/jobs/json,null,AVAILABLE,@Spark}
2019-10-23 19:09:15 INFO  ContextHandler:781 - Started o.s.j.s.ServletContextHandler@908db36{/jobs/job,null,AVAILABLE,@Spark}
2019-10-23 19:09:15 INFO  ContextHandler:781 - Started o.s.j.s.ServletContextHandler@55431dc{/jobs/job/json,null,AVAILABLE,@Spark}
2019-10-23 19:09:15 INFO  ContextHandler:781 - Started o.s.j.s.ServletContextHandler@627cd017{/stages,null,AVAILABLE,@Spark}
2019-10-23 19:09:15 INFO  ContextHandler:781 - Started o.s.j.s.ServletContextHandler@2de26605{/stages/json,null,AVAILABLE,@Spark}
2019-10-23 19:09:15 INFO  ContextHandler:781 - Started o.s.j.s.ServletContextHandler@36593743{/stages/stage,null,AVAILABLE,@Spark}
2019-10-23 19:09:15 INFO  ContextHandler:781 - Started o.s.j.s.ServletContextHandler@2833323e{/stages/stage/json,null,AVAILABLE,@Spark}
2019-10-23 19:09:15 INFO  ContextHandler:781 - Started o.s.j.s.ServletContextHandler@57affb54{/stages/pool,null,AVAILABLE,@Spark}
2019-10-23 19:09:15 INFO  ContextHandler:781 - Started o.s.j.s.ServletContextHandler@7cf70026{/stages/pool/json,null,AVAILABLE,@Spark}
2019-10-23 19:09:15 INFO  ContextHandler:781 - Started o.s.j.s.ServletContextHandler@17a679ca{/storage,null,AVAILABLE,@Spark}
2019-10-23 19:09:15 INFO  ContextHandler:781 - Started o.s.j.s.ServletContextHandler@26b51bc2{/storage/json,null,AVAILABLE,@Spark}
2019-10-23 19:09:15 INFO  ContextHandler:781 - Started o.s.j.s.ServletContextHandler@ee8211b{/storage/rdd,null,AVAILABLE,@Spark}
2019-10-23 19:09:15 INFO  ContextHandler:781 - Started o.s.j.s.ServletContextHandler@4a5af6d0{/storage/rdd/json,null,AVAILABLE,@Spark}
2019-10-23 19:09:15 INFO  ContextHandler:781 - Started o.s.j.s.ServletContextHandler@6e16ae78{/environment,null,AVAILABLE,@Spark}
2019-10-23 19:09:15 INFO  ContextHandler:781 - Started o.s.j.s.ServletContextHandler@6073d373{/environment/json,null,AVAILABLE,@Spark}
2019-10-23 19:09:15 INFO  ContextHandler:781 - Started o.s.j.s.ServletContextHandler@2f5cd69f{/executors,null,AVAILABLE,@Spark}
2019-10-23 19:09:15 INFO  ContextHandler:781 - Started o.s.j.s.ServletContextHandler@32ad49d2{/executors/json,null,AVAILABLE,@Spark}
2019-10-23 19:09:15 INFO  ContextHandler:781 - Started o.s.j.s.ServletContextHandler@69934491{/executors/threadDump,null,AVAILABLE,@Spark}
2019-10-23 19:09:15 INFO  ContextHandler:781 - Started o.s.j.s.ServletContextHandler@1705ea9b{/executors/threadDump/json,null,AVAILABLE,@Spark}
2019-10-23 19:09:15 INFO  ContextHandler:781 - Started o.s.j.s.ServletContextHandler@5e242eca{/static,null,AVAILABLE,@Spark}
2019-10-23 19:09:15 INFO  ContextHandler:781 - Started o.s.j.s.ServletContextHandler@71567c4{/,null,AVAILABLE,@Spark}
2019-10-23 19:09:15 INFO  ContextHandler:781 - Started o.s.j.s.ServletContextHandler@27da2fa8{/api,null,AVAILABLE,@Spark}
2019-10-23 19:09:15 INFO  ContextHandler:781 - Started o.s.j.s.ServletContextHandler@40897671{/jobs/job/kill,null,AVAILABLE,@Spark}
2019-10-23 19:09:15 INFO  ContextHandler:781 - Started o.s.j.s.ServletContextHandler@52189b35{/stages/stage/kill,null,AVAILABLE,@Spark}
2019-10-23 19:09:15 INFO  SparkUI:54 - Bound SparkUI to 0.0.0.0, and started at http://56e6e7480111:4040
2019-10-23 19:09:15 INFO  SparkContext:54 - Added JAR file:///opt/big_dl/lib/bigdl-SPARK_2.4-0.9.0-jar-with-dependencies.jar at spark://56e6e7480111:35069/jars/bigdl-SPARK_2.4-0.9.0-jar-with-dependencies.jar with timestamp 1571857755814
2019-10-23 19:09:15 INFO  SparkContext:54 - Added file file:///opt/big_dl/lib/bigdl-0.9.0-python-api.zip at spark://56e6e7480111:35069/files/bigdl-0.9.0-python-api.zip with timestamp 1571857755830
2019-10-23 19:09:15 INFO  Utils:54 - Copying /opt/big_dl/lib/bigdl-0.9.0-python-api.zip to /tmp/spark-761e1d3c-f528-409f-a5b5-4eb587b1548f/userFiles-a93e3438-621b-4c47-8eaf-dc5d34f3c873/bigdl-0.9.0-python-api.zip
2019-10-23 19:09:15 INFO  StandaloneAppClient$ClientEndpoint:54 - Connecting to master spark://spark-master:7077...
2019-10-23 19:09:15 INFO  TransportClientFactory:267 - Successfully created connection to spark-master/172.19.0.2:7077 after 34 ms (0 ms spent in bootstraps)
2019-10-23 19:09:16 INFO  StandaloneSchedulerBackend:54 - Connected to Spark cluster with app ID app-20191023190916-0035
2019-10-23 19:09:16 INFO  StandaloneAppClient$ClientEndpoint:54 - Executor added: app-20191023190916-0035/0 on worker-20191023153541-172.19.0.8-32881 (172.19.0.8:32881) with 1 core(s)
2019-10-23 19:09:16 INFO  StandaloneSchedulerBackend:54 - Granted executor ID app-20191023190916-0035/0 on hostPort 172.19.0.8:32881 with 1 core(s), 1024.0 MB RAM
2019-10-23 19:09:16 INFO  StandaloneAppClient$ClientEndpoint:54 - Executor added: app-20191023190916-0035/1 on worker-20191023153540-172.19.0.3-43023 (172.19.0.3:43023) with 1 core(s)
2019-10-23 19:09:16 INFO  StandaloneSchedulerBackend:54 - Granted executor ID app-20191023190916-0035/1 on hostPort 172.19.0.3:43023 with 1 core(s), 1024.0 MB RAM
2019-10-23 19:09:16 INFO  Utils:54 - Successfully started service 'org.apache.spark.network.netty.NettyBlockTransferService' on port 35171.
2019-10-23 19:09:16 INFO  NettyBlockTransferService:54 - Server created on 56e6e7480111:35171
2019-10-23 19:09:16 INFO  BlockManager:54 - Using org.apache.spark.storage.RandomBlockReplicationPolicy for block replication policy
2019-10-23 19:09:16 INFO  StandaloneAppClient$ClientEndpoint:54 - Executor updated: app-20191023190916-0035/0 is now RUNNING
2019-10-23 19:09:16 INFO  StandaloneAppClient$ClientEndpoint:54 - Executor updated: app-20191023190916-0035/1 is now RUNNING
2019-10-23 19:09:16 INFO  BlockManagerMaster:54 - Registering BlockManager BlockManagerId(driver, 56e6e7480111, 35171, None)
2019-10-23 19:09:16 INFO  BlockManagerMasterEndpoint:54 - Registering block manager 56e6e7480111:35171 with 366.3 MB RAM, BlockManagerId(driver, 56e6e7480111, 35171, None)
2019-10-23 19:09:16 INFO  BlockManagerMaster:54 - Registered BlockManager BlockManagerId(driver, 56e6e7480111, 35171, None)
2019-10-23 19:09:16 INFO  BlockManager:54 - Initialized BlockManager: BlockManagerId(driver, 56e6e7480111, 35171, None)
2019-10-23 19:09:16 INFO  ContextHandler:781 - Started o.s.j.s.ServletContextHandler@1f0a4481{/metrics/json,null,AVAILABLE,@Spark}
2019-10-23 19:09:17 INFO  CoarseGrainedSchedulerBackend$DriverEndpoint:54 - Registered executor NettyRpcEndpointRef(spark-client://Executor) (172.19.0.3:57706) with ID 1
2019-10-23 19:09:17 INFO  CoarseGrainedSchedulerBackend$DriverEndpoint:54 - Registered executor NettyRpcEndpointRef(spark-client://Executor) (172.19.0.8:44988) with ID 0
2019-10-23 19:09:17 INFO  StandaloneSchedulerBackend:54 - SchedulerBackend is ready for scheduling beginning after reached minRegisteredResourcesRatio: 1.0
2019-10-23 19:09:18 INFO  BlockManagerMasterEndpoint:54 - Registering block manager 172.19.0.8:46627 with 366.3 MB RAM, BlockManagerId(0, 172.19.0.8, 46627, None)
2019-10-23 19:09:18 INFO  BlockManagerMasterEndpoint:54 - Registering block manager 172.19.0.3:45285 with 366.3 MB RAM, BlockManagerId(1, 172.19.0.3, 45285, None)
2019-10-23 19:09:18 INFO  Engine$:112 - Auto detect executor number and executor cores number
2019-10-23 19:09:18 INFO  Engine$:114 - Executor number is 2 and executor cores number is 1
2019-10-23 19:09:19 INFO  ThreadPool$:95 - Set mkl threads to 1 on thread 19
2019-10-23 19:09:19 INFO  Engine$:404 - Find existing spark context. Checking the spark conf...
cls.getname: com.intel.analytics.bigdl.python.api.Sample
BigDLBasePickler registering: bigdl.util.common  Sample
cls.getname: com.intel.analytics.bigdl.python.api.EvaluatedResult
BigDLBasePickler registering: bigdl.util.common  EvaluatedResult
cls.getname: com.intel.analytics.bigdl.python.api.JTensor
BigDLBasePickler registering: bigdl.util.common  JTensor
cls.getname: com.intel.analytics.bigdl.python.api.JActivity
BigDLBasePickler registering: bigdl.util.common  JActivity
('Extracting', '/opt/data/train-images-idx3-ubyte.gz')
('Extracting', '/opt/data/train-labels-idx1-ubyte.gz')
('Extracting', '/opt/data/t10k-images-idx3-ubyte.gz')
('Extracting', '/opt/data/t10k-labels-idx1-ubyte.gz')
creating: createSequential
creating: createReshape
creating: createSpatialConvolution
creating: createTanh
creating: createSpatialMaxPooling
creating: createSpatialConvolution
creating: createTanh
creating: createSpatialMaxPooling
creating: createReshape
creating: createLinear
creating: createTanh
creating: createLinear
creating: createLogSoftMax
creating: createClassNLLCriterion
creating: createDefault
creating: createSGD
creating: createMaxEpoch
creating: createDistriOptimizer
disableCheckSingleton is deprecated. Please use bigdl.check.singleton instead
creating: createEveryEpoch
creating: createTop1Accuracy
creating: createEveryEpoch
2019-10-23 19:09:20 INFO  DistriOptimizer$:791 - caching training rdd ...
2019-10-23 19:09:26 ERROR TransportRequestHandler:293 - Error sending result StreamResponse{streamId=/jars/bigdl-SPARK_2.4-0.9.0-jar-with-dependencies.jar, byteCount=146830010, body=FileSegmentManagedBuffer{file=/opt/big_dl/lib/bigdl-SPARK_2.4-0.9.0-jar-with-dependencies.jar, offset=0, length=146830010}} to /172.19.0.3:57716; closing connection
java.io.IOException: Connection reset by peer
	at sun.nio.ch.FileChannelImpl.transferTo0(Native Method)
	at sun.nio.ch.FileChannelImpl.transferToDirectlyInternal(FileChannelImpl.java:428)
	at sun.nio.ch.FileChannelImpl.transferToDirectly(FileChannelImpl.java:493)
	at sun.nio.ch.FileChannelImpl.transferTo(FileChannelImpl.java:608)
	at io.netty.channel.DefaultFileRegion.transferTo(DefaultFileRegion.java:145)
	at org.apache.spark.network.protocol.MessageWithHeader.transferTo(MessageWithHeader.java:121)
	at io.netty.channel.socket.nio.NioSocketChannel.doWriteFileRegion(NioSocketChannel.java:355)
	at io.netty.channel.nio.AbstractNioByteChannel.doWrite(AbstractNioByteChannel.java:224)
	at io.netty.channel.socket.nio.NioSocketChannel.doWrite(NioSocketChannel.java:382)
	at 