SUBMITTED
/opt/src/lenet5.py --action train --dataPath /opt/data --batchSize 120 --endTriggerType epoch --endTriggerNum 20
2019-10-23 19:07:52 WARN  NativeCodeLoader:62 - Unable to load native-hadoop library for your platform... using builtin-java classes where applicable
2019-10-23 19:07:52 INFO  SparkContext:54 - Running Spark version 2.4.0
2019-10-23 19:07:52 INFO  SparkContext:54 - Submitted application: lenet5
2019-10-23 19:07:52 INFO  SecurityManager:54 - Changing view acls to: root
2019-10-23 19:07:52 INFO  SecurityManager:54 - Changing modify acls to: root
2019-10-23 19:07:52 INFO  SecurityManager:54 - Changing view acls groups to: 
2019-10-23 19:07:52 INFO  SecurityManager:54 - Changing modify acls groups to: 
2019-10-23 19:07:52 INFO  SecurityManager:54 - SecurityManager: authentication disabled; ui acls disabled; users  with view permissions: Set(root); groups with view permissions: Set(); users  with modify permissions: Set(root); groups with modify permissions: Set()
2019-10-23 19:07:53 INFO  Utils:54 - Successfully started service 'sparkDriver' on port 37507.
2019-10-23 19:07:53 INFO  SparkEnv:54 - Registering MapOutputTracker
2019-10-23 19:07:53 INFO  SparkEnv:54 - Registering BlockManagerMaster
2019-10-23 19:07:53 INFO  BlockManagerMasterEndpoint:54 - Using org.apache.spark.storage.DefaultTopologyMapper for getting topology information
2019-10-23 19:07:53 INFO  BlockManagerMasterEndpoint:54 - BlockManagerMasterEndpoint up
2019-10-23 19:07:53 INFO  DiskBlockManager:54 - Created local directory at /tmp/blockmgr-b8f6f2ff-1515-48e0-98ab-2b0d0cfb8676
2019-10-23 19:07:53 INFO  MemoryStore:54 - MemoryStore started with capacity 366.3 MB
2019-10-23 19:07:53 INFO  SparkEnv:54 - Registering OutputCommitCoordinator
2019-10-23 19:07:53 INFO  log:192 - Logging initialized @1966ms
2019-10-23 19:07:53 INFO  Server:351 - jetty-9.3.z-SNAPSHOT, build timestamp: unknown, git hash: unknown
2019-10-23 19:07:53 INFO  Server:419 - Started @2029ms
2019-10-23 19:07:53 INFO  AbstractConnector:278 - Started ServerConnector@3fc2712f{HTTP/1.1,[http/1.1]}{0.0.0.0:4040}
2019-10-23 19:07:53 INFO  Utils:54 - Successfully started service 'SparkUI' on port 4040.
2019-10-23 19:07:53 INFO  ContextHandler:781 - Started o.s.j.s.ServletContextHandler@9e5dafe{/jobs,null,AVAILABLE,@Spark}
2019-10-23 19:07:53 INFO  ContextHandler:781 - Started o.s.j.s.ServletContextHandler@6bec44ff{/jobs/json,null,AVAILABLE,@Spark}
2019-10-23 19:07:53 INFO  ContextHandler:781 - Started o.s.j.s.ServletContextHandler@4a4267e3{/jobs/job,null,AVAILABLE,@Spark}
2019-10-23 19:07:53 INFO  ContextHandler:781 - Started o.s.j.s.ServletContextHandler@34644d19{/jobs/job/json,null,AVAILABLE,@Spark}
2019-10-23 19:07:53 INFO  ContextHandler:781 - Started o.s.j.s.ServletContextHandler@3da62cd6{/stages,null,AVAILABLE,@Spark}
2019-10-23 19:07:53 INFO  ContextHandler:781 - Started o.s.j.s.ServletContextHandler@648239fe{/stages/json,null,AVAILABLE,@Spark}
2019-10-23 19:07:53 INFO  ContextHandler:781 - Started o.s.j.s.ServletContextHandler@4290fd78{/stages/stage,null,AVAILABLE,@Spark}
2019-10-23 19:07:53 INFO  ContextHandler:781 - Started o.s.j.s.ServletContextHandler@2dfeb542{/stages/stage/json,null,AVAILABLE,@Spark}
2019-10-23 19:07:53 INFO  ContextHandler:781 - Started o.s.j.s.ServletContextHandler@6840e6b8{/stages/pool,null,AVAILABLE,@Spark}
2019-10-23 19:07:53 INFO  ContextHandler:781 - Started o.s.j.s.ServletContextHandler@6f28c8ca{/stages/pool/json,null,AVAILABLE,@Spark}
2019-10-23 19:07:53 INFO  ContextHandler:781 - Started o.s.j.s.ServletContextHandler@6d49280{/storage,null,AVAILABLE,@Spark}
2019-10-23 19:07:53 INFO  ContextHandler:781 - Started o.s.j.s.ServletContextHandler@5ed873bd{/storage/json,null,AVAILABLE,@Spark}
2019-10-23 19:07:53 INFO  ContextHandler:781 - Started o.s.j.s.ServletContextHandler@31c23bf8{/storage/rdd,null,AVAILABLE,@Spark}
2019-10-23 19:07:53 INFO  ContextHandler:781 - Started o.s.j.s.ServletContextHandler@1805db92{/storage/rdd/json,null,AVAILABLE,@Spark}
2019-10-23 19:07:53 INFO  ContextHandler:781 - Started o.s.j.s.ServletContextHandler@3a670a80{/environment,null,AVAILABLE,@Spark}
2019-10-23 19:07:53 INFO  ContextHandler:781 - Started o.s.j.s.ServletContextHandler@273fd3ea{/environment/json,null,AVAILABLE,@Spark}
2019-10-23 19:07:53 INFO  ContextHandler:781 - Started o.s.j.s.ServletContextHandler@782310e{/executors,null,AVAILABLE,@Spark}
2019-10-23 19:07:53 INFO  ContextHandler:781 - Started o.s.j.s.ServletContextHandler@316db327{/executors/json,null,AVAILABLE,@Spark}
2019-10-23 19:07:53 INFO  ContextHandler:781 - Started o.s.j.s.ServletContextHandler@335c9c80{/executors/threadDump,null,AVAILABLE,@Spark}
2019-10-23 19:07:53 INFO  ContextHandler:781 - Started o.s.j.s.ServletContextHandler@6a25a982{/executors/threadDump/json,null,AVAILABLE,@Spark}
2019-10-23 19:07:53 INFO  ContextHandler:781 - Started o.s.j.s.ServletContextHandler@7cb9ef89{/static,null,AVAILABLE,@Spark}
2019-10-23 19:07:53 INFO  ContextHandler:781 - Started o.s.j.s.ServletContextHandler@385944b{/,null,AVAILABLE,@Spark}
2019-10-23 19:07:53 INFO  ContextHandler:781 - Started o.s.j.s.ServletContextHandler@40e20e39{/api,null,AVAILABLE,@Spark}
2019-10-23 19:07:53 INFO  ContextHandler:781 - Started o.s.j.s.ServletContextHandler@66745c1b{/jobs/job/kill,null,AVAILABLE,@Spark}
2019-10-23 19:07:53 INFO  ContextHandler:781 - Started o.s.j.s.ServletContextHandler@2d49429b{/stages/stage/kill,null,AVAILABLE,@Spark}
2019-10-23 19:07:53 INFO  SparkUI:54 - Bound SparkUI to 0.0.0.0, and started at http://dd564adb2496:4040
2019-10-23 19:07:53 INFO  SparkContext:54 - Added JAR file:///opt/big_dl/lib/bigdl-SPARK_2.4-0.9.0-jar-with-dependencies.jar at spark://dd564adb2496:37507/jars/bigdl-SPARK_2.4-0.9.0-jar-with-dependencies.jar with timestamp 1571857673448
2019-10-23 19:07:53 INFO  SparkContext:54 - Added file file:///opt/big_dl/lib/bigdl-0.9.0-python-api.zip at spark://dd564adb2496:37507/files/bigdl-0.9.0-python-api.zip with timestamp 1571857673463
2019-10-23 19:07:53 INFO  Utils:54 - Copying /opt/big_dl/lib/bigdl-0.9.0-python-api.zip to /tmp/spark-07908114-089c-423e-a426-db0bb0b0aaa3/userFiles-525e04ef-2473-487b-ac27-1ac8165cda01/bigdl-0.9.0-python-api.zip
2019-10-23 19:07:53 INFO  StandaloneAppClient$ClientEndpoint:54 - Connecting to master spark://spark-master:7077...
2019-10-23 19:07:53 INFO  TransportClientFactory:267 - Successfully created connection to spark-master/172.19.0.2:7077 after 38 ms (0 ms spent in bootstraps)
2019-10-23 19:07:53 INFO  StandaloneSchedulerBackend:54 - Connected to Spark cluster with app ID app-20191023190753-0031
2019-10-23 19:07:53 INFO  StandaloneAppClient$ClientEndpoint:54 - Executor added: app-20191023190753-0031/0 on worker-20191023153541-172.19.0.8-32881 (172.19.0.8:32881) with 1 core(s)
2019-10-23 19:07:53 INFO  StandaloneSchedulerBackend:54 - Granted executor ID app-20191023190753-0031/0 on hostPort 172.19.0.8:32881 with 1 core(s), 1024.0 MB RAM
2019-10-23 19:07:53 INFO  StandaloneAppClient$ClientEndpoint:54 - Executor added: app-20191023190753-0031/1 on worker-20191023153540-172.19.0.3-43023 (172.19.0.3:43023) with 1 core(s)
2019-10-23 19:07:53 INFO  StandaloneSchedulerBackend:54 - Granted executor ID app-20191023190753-0031/1 on hostPort 172.19.0.3:43023 with 1 core(s), 1024.0 MB RAM
2019-10-23 19:07:53 INFO  Utils:54 - Successfully started service 'org.apache.spark.network.netty.NettyBlockTransferService' on port 39597.
2019-10-23 19:07:53 INFO  NettyBlockTransferService:54 - Server created on dd564adb2496:39597
2019-10-23 19:07:53 INFO  BlockManager:54 - Using org.apache.spark.storage.RandomBlockReplicationPolicy for block replication policy
2019-10-23 19:07:53 INFO  StandaloneAppClient$ClientEndpoint:54 - Executor updated: app-20191023190753-0031/1 is now RUNNING
2019-10-23 19:07:53 INFO  StandaloneAppClient$ClientEndpoint:54 - Executor updated: app-20191023190753-0031/0 is now RUNNING
2019-10-23 19:07:53 INFO  BlockManagerMaster:54 - Registering BlockManager BlockManagerId(driver, dd564adb2496, 39597, None)
2019-10-23 19:07:53 INFO  BlockManagerMasterEndpoint:54 - Registering block manager dd564adb2496:39597 with 366.3 MB RAM, BlockManagerId(driver, dd564adb2496, 39597, None)
2019-10-23 19:07:53 INFO  BlockManagerMaster:54 - Registered BlockManager BlockManagerId(driver, dd564adb2496, 39597, None)
2019-10-23 19:07:53 INFO  BlockManager:54 - Initialized BlockManager: BlockManagerId(driver, dd564adb2496, 39597, None)
2019-10-23 19:07:53 INFO  ContextHandler:781 - Started o.s.j.s.ServletContextHandler@15a5cb84{/metrics/json,null,AVAILABLE,@Spark}
2019-10-23 19:07:55 INFO  CoarseGrainedSchedulerBackend$DriverEndpoint:54 - Registered executor NettyRpcEndpointRef(spark-client://Executor) (172.19.0.8:44214) with ID 0
2019-10-23 19:07:55 INFO  CoarseGrainedSchedulerBackend$DriverEndpoint:54 - Registered executor NettyRpcEndpointRef(spark-client://Executor) (172.19.0.3:60458) with ID 1
2019-10-23 19:07:55 INFO  BlockManagerMasterEndpoint:54 - Registering block manager 172.19.0.8:45151 with 366.3 MB RAM, BlockManagerId(0, 172.19.0.8, 45151, None)
2019-10-23 19:07:55 INFO  StandaloneSchedulerBackend:54 - SchedulerBackend is ready for scheduling beginning after reached minRegisteredResourcesRatio: 1.0
2019-10-23 19:07:55 INFO  BlockManagerMasterEndpoint:54 - Registering block manager 172.19.0.3:39609 with 366.3 MB RAM, BlockManagerId(1, 172.19.0.3, 39609, None)
2019-10-23 19:07:55 INFO  Engine$:112 - Auto detect executor number and executor cores number
2019-10-23 19:07:55 INFO  Engine$:114 - Executor number is 2 and executor cores number is 1
2019-10-23 19:07:56 INFO  ThreadPool$:95 - Set mkl threads to 1 on thread 19
2019-10-23 19:07:56 INFO  Engine$:404 - Find existing spark context. Checking the spark conf...
cls.getname: com.intel.analytics.bigdl.python.api.Sample
BigDLBasePickler registering: bigdl.util.common  Sample
cls.getname: com.intel.analytics.bigdl.python.api.EvaluatedResult
BigDLBasePickler registering: bigdl.util.common  EvaluatedResult
cls.getname: com.intel.analytics.bigdl.python.api.JTensor
BigDLBasePickler registering: bigdl.util.common  JTensor
cls.getname: com.intel.analytics.bigdl.python.api.JActivity
BigDLBasePickler registering: bigdl.util.common  JActivity
('Extracting', '/opt/data/train-images-idx3-ubyte.gz')
('Extracting', '/opt/data/train-labels-idx1-ubyte.gz')
('Extracting', '/opt/data/t10k-images-idx3-ubyte.gz')
('Extracting', '/opt/data/t10k-labels-idx1-ubyte.gz')
creating: createSequential
creating: createReshape
creating: createSpatialConvolution
creating: createTanh
creating: createSpatialMaxPooling
creating: createSpatialConvolution
creating: createTanh
creating: createSpatialMaxPooling
creating: createReshape
creating: createLinear
creating: createTanh
creating: createLinear
creating: createLogSoftMax
creating: createClassNLLCriterion
creating: createDefault
creating: createSGD
creating: createMaxEpoch
creating: createDistriOptimizer
disableCheckSingleton is deprecated. Please use bigdl.check.singleton instead
creating: createEveryEpoch
creating: createTop1Accuracy
creating: createEveryEpoch
2019-10-23 19:07:58 INFO  DistriOptimizer$:791 - caching training rdd ...
2019-10-23 19:08:07 ERROR TaskSetManager:70 - Task 0 in stage 0.0 failed 4 times; aborting job
Traceback (most recent call last):
  File "/opt/src/lenet5.py", line 72, in <module>
    trained_model = optimizer.optimize()
  File "/opt/big_dl/lib/bigdl-0.9.0-python-api.zip/bigdl/optim/optimizer.py", line 764, in optimize
  File "/opt/big_dl/lib/bigdl-0.9.0-python-api.zip/bigdl/util/common.py", line 634, in callJavaFunc
  File "/opt/spark/python/lib/py4j-0.10.7-src.zip/py4j/java_gateway.py", line 1257, in __call__
  File "/opt/spark/python/lib/py4j-0.10.7-src.zip/py4j/protocol.py", line 328, in get_return_value
py4j.protocol.Py4JJavaError: An error occurred while calling o110.optimize.
: org.apache.spark.SparkException: Job aborted due to stage failure: Task 0 in stage 0.0 failed 4 times, most recent failure: Lost task 0.3 in stage 0.0 (TID 4, 172.19.0.8, executor 0): java.nio.file.FileSystemException: /tmp/spark-6dc43e6d-a617-4aae-b74d-ad514356114e/executor-278dbf6d-dc1a-4ca0-ac64-5f410ff96277/spark-2b1c8fbd-3869-44e8-89ba-b5af50c89f85/4811019691571857673448_cache -> ./bigdl-SPARK_2.4-0.9.0-jar-with-dependencies.jar: No space left on device
	at sun.nio.fs.UnixException.translateToIOException(UnixException.java:91)
	at sun.nio.fs.UnixException.rethrowAsIOException(UnixException.java:102)
	at sun.nio.fs.UnixCopyFile.copyFile(UnixCopyFile.java:253)
	at sun.nio.fs.UnixCopyFile.copy(UnixCopyFile.java:581)
	at sun.nio.fs.UnixFileSystemProvider.copy(UnixFileSystemProvider.java:253)
	at java.nio.file.Files.copy(Files.java:1274)
	at org.apache.spark.util.Utils$.org$apache$spark$util$Utils$$copyRecursive(Utils.scala:664)
	at org.apache.spark.util.Utils$.copyFile(Utils.scala:635)
	at org.apache.spark.util.Utils$.fetchFile(Utils.scala:502)
	at org.apache.spark.executor.Executor$$anonfun$org$apache$spark$executor$Executor$$updateDependencies$5.apply(Executor.scala:805)
	at org.apache.spark.executor.Executor$$anonfun$org$apache$spark$executor$Executor$$updateDependencies$5.apply(Executor.scala:797)
	at scala.collection.TraversableLike$WithFilter$$anonfun$foreach$1.apply(TraversableLike.scala:733)
	at scala.collection.mutable.HashMap$$anonfun$foreach$1.apply(HashMap.scala:130)
	at scala.collection.mutable.HashMap$$anonfun$foreach$1.apply(HashMap.scala:130)
	at scala.collection.mutable.HashTable$class.foreachEntry(HashTable.scala:236)
	at scala.collection.mutable.HashMap.foreachEntry(HashMap.scala:40)
	at scala.collection.mutable.HashMap.foreach(HashMap.scala:130)
	at scala.collection.TraversableLike$WithFilter.foreach(TraversableLike.scala:732)
	at org.apache.spark.executor.Executor.org$apache$spark$executor$Executor$$updateDependencies(Executor.scala:797)
	at org.apache.spark.executor.Executor$TaskRunner.run(Executor.scala:369)
	at java.util.concurrent.ThreadPoolExecutor.runWorker(ThreadPoolExecutor.java:1149)
	at java.util.concurrent.ThreadPoolExecutor$Worker.run(ThreadPoolExecutor.java:624)
	at java.lang.Thread.run(Thread.java:748)

Driver stacktrace:
	at org.apache.spark.scheduler.DAGScheduler.org$apache$spark$scheduler$DAGScheduler$$failJobAndIndependentStages(DAGScheduler.scala:1887)
	at org.apache.spark.scheduler.DAGScheduler$$anonfun$abortStage$1.apply(DAGScheduler.scala:1875)
	at org.apache.spark.scheduler.DAGScheduler$$anonfun$abortStage$1.apply(DAGScheduler.scala:1874)
	at scala.collection.mutable.ResizableArray$class.foreach(ResizableArray.scala:59)
	at scala.collection.mutable.ArrayBuffer.foreach(ArrayBuffer.scala:48)
	at org.apache.spark.scheduler.DAGScheduler.abortStage(DAGScheduler.scala:1874)
	at org.apache.spark.scheduler.DAGScheduler$$anonfun$handleTaskSetFailed$1.apply(DAGScheduler.scala:926)
	at org.apache.spark.scheduler.DAGScheduler$$anonfun$handleTaskSetFailed$1.apply(DAGScheduler.scala:926)
	at scala.Option.foreach(Option.scala:257)
	at org.apache.spark.scheduler.DAGScheduler.handleTaskSetFailed(DAGScheduler.scala:926)
	at org.apache.spark.scheduler.DAGSchedulerEventProcessLoop.doOnReceive(DAGScheduler.scala:2108)
	at org.apache.spark.scheduler.DAGSchedulerEventProcessLoop.onReceive(DAGScheduler.scala:2057)
	at org.apache.spark.scheduler.DAGSchedulerEventProcessLoop.onReceive(DAGScheduler.scala:2046)
	at org.apache.spark.util.EventLoop$$anon$1.run(EventLoop.scala:49)
	at org.apache.spark.scheduler.DAGScheduler.runJob(DAGScheduler.scala:737)
	at org.apache.spark.SparkContext.runJob(SparkContext.scala:2061)
	at org.apache.spark.SparkContext.runJob(SparkContext.scala:2082)
	at org.apache.spark.SparkContext.runJob(SparkContext.scala:2101)
	at org.apache.spark.SparkContext.runJob(SparkContext.scala:2126)
	at org.apache.spark.rdd.RDD.count(RDD.scala:1168)
	at com.intel.analytics.bigdl.dataset.DistributedDataSet$$anon$5.cache(DataSet.scala:191)
	at com.intel.analytics.bigdl.optim.AbstractOptimizer.prepareInput(AbstractOptimizer.scala:281)
	at com.intel.analytics.bigdl.optim.DistriOptimizer.prepareInput(DistriOptimizer.scala:792)
	at com.intel.analytics.bigdl.optim.DistriOptimizer.optimize(DistriOptimizer.scala:852)
	at sun.reflect.NativeMethodAccessorImpl.invoke0(Native Method)
	at sun.reflect.NativeMethodAccessorImpl.invoke(NativeMethodAccessorImpl.java:62)
	at sun.reflect.DelegatingMethodAccessorImpl.invoke(DelegatingMethodAccessorImpl.java:43)
	at java.lang.reflect.Method.invoke(Method.java:498)
	at py4j.reflection.MethodInvoker.invoke(MethodInvoker.java:244)
	at py4j.reflection.ReflectionEngine.invoke(ReflectionEngine.java:357)
	at py4j.Gateway.invoke(Gateway.java:282)
	at py4j.commands.AbstractCommand.invokeMethod(AbstractCommand.java:132)
	at py4j.commands.CallCommand.execute(CallCommand.java:79)
	at py4j.GatewayConnection.run(GatewayConnection.java:238)
	at java.lang.Thread.run(Thread.java:748)
Caused by: java.nio.file.FileSystemException: /tmp/spark-6dc43e6d-a617-4aae-b74d-ad514356114e/executor-278dbf6d-dc1a-4ca0-ac64-5f410ff96277/spark-2b1c8fbd-3869-44e8-89ba-b5af50c89f85/4811019691571857673448_cache -> ./bigdl-SPARK_2.4-0.9.0-jar-with-dependencies.jar: No space left on device
	at sun.nio.fs.UnixException.translateToIOException(UnixException.java:91)
	at sun.nio.fs.UnixException.rethrowAsIOException(UnixException.java:102)
	at sun.nio.fs.UnixCopyFile.copyFile(UnixCopyFile.java:253)
	at sun.nio.fs.UnixCopyFile.copy(UnixCopyFile.java:581)
	at sun.nio.fs.UnixFileSystemProvider.copy(UnixFileSystemProvider.java:253)
	at java.nio.file.Files.copy(Files.java:1274)
	at org.apache.spark.util.Utils$.org$apache$spark$util$Utils$$copyRecursive(Utils.scala:664)
	at org.apache.spark.util.Utils$.copyFile(Utils.scala:635)
	at org.apache.spark.util.Utils$.fetchFile(Utils.scala:502)
	at org.apache.spark.executor.Executor$$anonfun$org$apache$spark$executor$Executor$$updateDependencies$5.apply(Executor.scala:805)
	at org.apache.spark.executor.Executor$$anonfun$org$apache$spark$executor$Executor$$updateDependencies$5.apply(Executor.scala:797)
	at scala.collection.TraversableLike$WithFilter$$anonfun$foreach$1.apply(TraversableLike.scala:733)
	at scala.collection.mutable.HashMap$$anonfun$foreach$1.apply(HashMap.scala:130)
	at scala.collection.mutable.HashMap$$anonfun$foreach$1.apply(HashMap.scala:130)
	at scala.collection.mutable.HashTable$class.foreachEntry(HashTable.scala:236)
	at scala.collection.mutable.HashMap.foreachEntry(HashMap.scala:40)
	at scala.collection.mutable.HashMap.foreach(HashMap.scala:130)
	at scala.collection.TraversableLike$WithFilter.foreach(TraversableLike.scala:732)
	at org.apache.spark.executor.Executor.org$apache$spark$executor$Executor$$updateDependencies(Executor.scala:797)
	at org.apache.spark.executor.Executor$TaskRunner.run(Executor.scala:369)
	at java.util.concurrent.ThreadPoolExecutor.runWorker(ThreadPoolExecutor.java:1149)
	at java.util.concurrent.ThreadPoolExecutor$Worker.run(ThreadPoolExecutor.java:624)
	... 1 more

2019-10-23 19:08:07 WARN  NioEventLoop:146 - Selector.select() returned prematurely 512 times in a row; rebuilding Selector io.netty.channel.nio.SelectedSelectionKeySetSelector@54c703c7.
2019-10-23 19:08:07 INFO  NioEventLoop:101 - Migrated 0 channel(s) to the new Selector.
2019-10-23 19:08:07 ERROR TransportRequestHandler:293 - Error sending result StreamResponse{streamId=/jars/bigdl-SPARK_2.4-0.9.0-jar-with-dependencies.jar, byteCount=146830010, body=FileSegmentManagedBuffer{file=/opt/big_dl/lib/bigdl-SPARK_2.4-0.9.0-jar-with-dependencies.jar, offset=0, length=146830010}} to /172.19.0.3:60466; closing connection
java.nio.channels.ClosedChannelException
	at io.netty.channel.AbstractChannel$AbstractUnsafe.close(...)(Unknown Source)
