SUBMITTED
/opt/src/lenet5.py --action train --dataPath /opt/data --batchSize 120 --endTriggerType epoch --endTriggerNum 20
2019-10-23 19:08:54 WARN  NativeCodeLoader:62 - Unable to load native-hadoop library for your platform... using builtin-java classes where applicable
2019-10-23 19:08:55 INFO  SparkContext:54 - Running Spark version 2.4.0
2019-10-23 19:08:55 INFO  SparkContext:54 - Submitted application: lenet5
2019-10-23 19:08:55 INFO  SecurityManager:54 - Changing view acls to: root
2019-10-23 19:08:55 INFO  SecurityManager:54 - Changing modify acls to: root
2019-10-23 19:08:55 INFO  SecurityManager:54 - Changing view acls groups to: 
2019-10-23 19:08:55 INFO  SecurityManager:54 - Changing modify acls groups to: 
2019-10-23 19:08:55 INFO  SecurityManager:54 - SecurityManager: authentication disabled; ui acls disabled; users  with view permissions: Set(root); groups with view permissions: Set(); users  with modify permissions: Set(root); groups with modify permissions: Set()
2019-10-23 19:08:55 INFO  Utils:54 - Successfully started service 'sparkDriver' on port 39391.
2019-10-23 19:08:55 INFO  SparkEnv:54 - Registering MapOutputTracker
2019-10-23 19:08:55 INFO  SparkEnv:54 - Registering BlockManagerMaster
2019-10-23 19:08:55 INFO  BlockManagerMasterEndpoint:54 - Using org.apache.spark.storage.DefaultTopologyMapper for getting topology information
2019-10-23 19:08:55 INFO  BlockManagerMasterEndpoint:54 - BlockManagerMasterEndpoint up
2019-10-23 19:08:55 INFO  DiskBlockManager:54 - Created local directory at /tmp/blockmgr-996bc8a7-d973-4c4e-9624-672c05559d04
2019-10-23 19:08:55 INFO  MemoryStore:54 - MemoryStore started with capacity 366.3 MB
2019-10-23 19:08:55 INFO  SparkEnv:54 - Registering OutputCommitCoordinator
2019-10-23 19:08:55 INFO  log:192 - Logging initialized @1974ms
2019-10-23 19:08:55 INFO  Server:351 - jetty-9.3.z-SNAPSHOT, build timestamp: unknown, git hash: unknown
2019-10-23 19:08:55 INFO  Server:419 - Started @2040ms
2019-10-23 19:08:55 INFO  AbstractConnector:278 - Started ServerConnector@17366eb5{HTTP/1.1,[http/1.1]}{0.0.0.0:4040}
2019-10-23 19:08:55 INFO  Utils:54 - Successfully started service 'SparkUI' on port 4040.
2019-10-23 19:08:55 INFO  ContextHandler:781 - Started o.s.j.s.ServletContextHandler@58c378d4{/jobs,null,AVAILABLE,@Spark}
2019-10-23 19:08:55 INFO  ContextHandler:781 - Started o.s.j.s.ServletContextHandler@19c936b0{/jobs/json,null,AVAILABLE,@Spark}
2019-10-23 19:08:55 INFO  ContextHandler:781 - Started o.s.j.s.ServletContextHandler@21d0755e{/jobs/job,null,AVAILABLE,@Spark}
2019-10-23 19:08:55 INFO  ContextHandler:781 - Started o.s.j.s.ServletContextHandler@7e83fbd{/jobs/job/json,null,AVAILABLE,@Spark}
2019-10-23 19:08:55 INFO  ContextHandler:781 - Started o.s.j.s.ServletContextHandler@5744f546{/stages,null,AVAILABLE,@Spark}
2019-10-23 19:08:55 INFO  ContextHandler:781 - Started o.s.j.s.ServletContextHandler@759c1075{/stages/json,null,AVAILABLE,@Spark}
2019-10-23 19:08:55 INFO  ContextHandler:781 - Started o.s.j.s.ServletContextHandler@671ca7e7{/stages/stage,null,AVAILABLE,@Spark}
2019-10-23 19:08:55 INFO  ContextHandler:781 - Started o.s.j.s.ServletContextHandler@44dbfb23{/stages/stage/json,null,AVAILABLE,@Spark}
2019-10-23 19:08:55 INFO  ContextHandler:781 - Started o.s.j.s.ServletContextHandler@467a4fc0{/stages/pool,null,AVAILABLE,@Spark}
2019-10-23 19:08:55 INFO  ContextHandler:781 - Started o.s.j.s.ServletContextHandler@1c244a78{/stages/pool/json,null,AVAILABLE,@Spark}
2019-10-23 19:08:55 INFO  ContextHandler:781 - Started o.s.j.s.ServletContextHandler@4718585e{/storage,null,AVAILABLE,@Spark}
2019-10-23 19:08:55 INFO  ContextHandler:781 - Started o.s.j.s.ServletContextHandler@5c81a17d{/storage/json,null,AVAILABLE,@Spark}
2019-10-23 19:08:55 INFO  ContextHandler:781 - Started o.s.j.s.ServletContextHandler@4891e162{/storage/rdd,null,AVAILABLE,@Spark}
2019-10-23 19:08:55 INFO  ContextHandler:781 - Started o.s.j.s.ServletContextHandler@76581582{/storage/rdd/json,null,AVAILABLE,@Spark}
2019-10-23 19:08:55 INFO  ContextHandler:781 - Started o.s.j.s.ServletContextHandler@738779bf{/environment,null,AVAILABLE,@Spark}
2019-10-23 19:08:55 INFO  ContextHandler:781 - Started o.s.j.s.ServletContextHandler@225ca4fb{/environment/json,null,AVAILABLE,@Spark}
2019-10-23 19:08:55 INFO  ContextHandler:781 - Started o.s.j.s.ServletContextHandler@6501db23{/executors,null,AVAILABLE,@Spark}
2019-10-23 19:08:55 INFO  ContextHandler:781 - Started o.s.j.s.ServletContextHandler@53c32604{/executors/json,null,AVAILABLE,@Spark}
2019-10-23 19:08:55 INFO  ContextHandler:781 - Started o.s.j.s.ServletContextHandler@1b41e742{/executors/threadDump,null,AVAILABLE,@Spark}
2019-10-23 19:08:55 INFO  ContextHandler:781 - Started o.s.j.s.ServletContextHandler@5c7df3ad{/executors/threadDump/json,null,AVAILABLE,@Spark}
2019-10-23 19:08:55 INFO  ContextHandler:781 - Started o.s.j.s.ServletContextHandler@37cef3c2{/static,null,AVAILABLE,@Spark}
2019-10-23 19:08:55 INFO  ContextHandler:781 - Started o.s.j.s.ServletContextHandler@8edd161{/,null,AVAILABLE,@Spark}
2019-10-23 19:08:55 INFO  ContextHandler:781 - Started o.s.j.s.ServletContextHandler@743813a1{/api,null,AVAILABLE,@Spark}
2019-10-23 19:08:55 INFO  ContextHandler:781 - Started o.s.j.s.ServletContextHandler@7f655b08{/jobs/job/kill,null,AVAILABLE,@Spark}
2019-10-23 19:08:55 INFO  ContextHandler:781 - Started o.s.j.s.ServletContextHandler@638b9f09{/stages/stage/kill,null,AVAILABLE,@Spark}
2019-10-23 19:08:55 INFO  SparkUI:54 - Bound SparkUI to 0.0.0.0, and started at http://f1fb91dd9513:4040
2019-10-23 19:08:55 INFO  SparkContext:54 - Added JAR file:///opt/big_dl/lib/bigdl-SPARK_2.4-0.9.0-jar-with-dependencies.jar at spark://f1fb91dd9513:39391/jars/bigdl-SPARK_2.4-0.9.0-jar-with-dependencies.jar with timestamp 1571857735692
2019-10-23 19:08:55 INFO  SparkContext:54 - Added file file:///opt/big_dl/lib/bigdl-0.9.0-python-api.zip at spark://f1fb91dd9513:39391/files/bigdl-0.9.0-python-api.zip with timestamp 1571857735706
2019-10-23 19:08:55 INFO  Utils:54 - Copying /opt/big_dl/lib/bigdl-0.9.0-python-api.zip to /tmp/spark-a10ffb83-ac8b-4996-b0e6-2540cabfaef7/userFiles-6c5130c3-9a6d-4f2f-84a5-c5c71a11c91a/bigdl-0.9.0-python-api.zip
2019-10-23 19:08:55 INFO  StandaloneAppClient$ClientEndpoint:54 - Connecting to master spark://spark-master:7077...
2019-10-23 19:08:55 INFO  TransportClientFactory:267 - Successfully created connection to spark-master/172.19.0.2:7077 after 32 ms (0 ms spent in bootstraps)
2019-10-23 19:08:55 INFO  StandaloneSchedulerBackend:54 - Connected to Spark cluster with app ID app-20191023190855-0034
2019-10-23 19:08:55 INFO  StandaloneAppClient$ClientEndpoint:54 - Executor added: app-20191023190855-0034/0 on worker-20191023153541-172.19.0.8-32881 (172.19.0.8:32881) with 1 core(s)
2019-10-23 19:08:55 INFO  StandaloneSchedulerBackend:54 - Granted executor ID app-20191023190855-0034/0 on hostPort 172.19.0.8:32881 with 1 core(s), 1024.0 MB RAM
2019-10-23 19:08:55 INFO  StandaloneAppClient$ClientEndpoint:54 - Executor added: app-20191023190855-0034/1 on worker-20191023153540-172.19.0.3-43023 (172.19.0.3:43023) with 1 core(s)
2019-10-23 19:08:55 INFO  StandaloneSchedulerBackend:54 - Granted executor ID app-20191023190855-0034/1 on hostPort 172.19.0.3:43023 with 1 core(s), 1024.0 MB RAM
2019-10-23 19:08:55 INFO  StandaloneAppClient$ClientEndpoint:54 - Executor updated: app-20191023190855-0034/1 is now RUNNING
2019-10-23 19:08:55 INFO  Utils:54 - Successfully started service 'org.apache.spark.network.netty.NettyBlockTransferService' on port 41413.
2019-10-23 19:08:55 INFO  NettyBlockTransferService:54 - Server created on f1fb91dd9513:41413
2019-10-23 19:08:55 INFO  BlockManager:54 - Using org.apache.spark.storage.RandomBlockReplicationPolicy for block replication policy
2019-10-23 19:08:55 INFO  StandaloneAppClient$ClientEndpoint:54 - Executor updated: app-20191023190855-0034/0 is now RUNNING
2019-10-23 19:08:55 INFO  BlockManagerMaster:54 - Registering BlockManager BlockManagerId(driver, f1fb91dd9513, 41413, None)
2019-10-23 19:08:55 INFO  BlockManagerMasterEndpoint:54 - Registering block manager f1fb91dd9513:41413 with 366.3 MB RAM, BlockManagerId(driver, f1fb91dd9513, 41413, None)
2019-10-23 19:08:55 INFO  BlockManagerMaster:54 - Registered BlockManager BlockManagerId(driver, f1fb91dd9513, 41413, None)
2019-10-23 19:08:55 INFO  BlockManager:54 - Initialized BlockManager: BlockManagerId(driver, f1fb91dd9513, 41413, None)
2019-10-23 19:08:56 INFO  ContextHandler:781 - Started o.s.j.s.ServletContextHandler@655b14d0{/metrics/json,null,AVAILABLE,@Spark}
2019-10-23 19:08:57 INFO  CoarseGrainedSchedulerBackend$DriverEndpoint:54 - Registered executor NettyRpcEndpointRef(spark-client://Executor) (172.19.0.8:46738) with ID 0
2019-10-23 19:08:57 INFO  CoarseGrainedSchedulerBackend$DriverEndpoint:54 - Registered executor NettyRpcEndpointRef(spark-client://Executor) (172.19.0.3:35856) with ID 1
2019-10-23 19:08:57 INFO  StandaloneSchedulerBackend:54 - SchedulerBackend is ready for scheduling beginning after reached minRegisteredResourcesRatio: 1.0
2019-10-23 19:08:57 INFO  BlockManagerMasterEndpoint:54 - Registering block manager 172.19.0.8:39501 with 366.3 MB RAM, BlockManagerId(0, 172.19.0.8, 39501, None)
2019-10-23 19:08:57 INFO  BlockManagerMasterEndpoint:54 - Registering block manager 172.19.0.3:40877 with 366.3 MB RAM, BlockManagerId(1, 172.19.0.3, 40877, None)
2019-10-23 19:08:58 INFO  Engine$:112 - Auto detect executor number and executor cores number
2019-10-23 19:08:58 INFO  Engine$:114 - Executor number is 2 and executor cores number is 1
2019-10-23 19:08:59 INFO  ThreadPool$:95 - Set mkl threads to 1 on thread 19
2019-10-23 19:08:59 INFO  Engine$:404 - Find existing spark context. Checking the spark conf...
cls.getname: com.intel.analytics.bigdl.python.api.Sample
BigDLBasePickler registering: bigdl.util.common  Sample
cls.getname: com.intel.analytics.bigdl.python.api.EvaluatedResult
BigDLBasePickler registering: bigdl.util.common  EvaluatedResult
cls.getname: com.intel.analytics.bigdl.python.api.JTensor
BigDLBasePickler registering: bigdl.util.common  JTensor
cls.getname: com.intel.analytics.bigdl.python.api.JActivity
BigDLBasePickler registering: bigdl.util.common  JActivity
('Extracting', '/opt/data/train-images-idx3-ubyte.gz')
('Extracting', '/opt/data/train-labels-idx1-ubyte.gz')
('Extracting', '/opt/data/t10k-images-idx3-ubyte.gz')
('Extracting', '/opt/data/t10k-labels-idx1-ubyte.gz')
creating: createSequential
creating: createReshape
creating: createSpatialConvolution
creating: createTanh
creating: createSpatialMaxPooling
creating: createSpatialConvolution
creating: createTanh
creating: createSpatialMaxPooling
creating: createReshape
creating: createLinear
creating: createTanh
creating: createLinear
creating: createLogSoftMax
creating: createClassNLLCriterion
creating: createDefault
creating: createSGD
creating: createMaxEpoch
creating: createDistriOptimizer
disableCheckSingleton is deprecated. Please use bigdl.check.singleton instead
creating: createEveryEpoch
creating: createTop1Accuracy
creating: createEveryEpoch
2019-10-23 19:09:00 INFO  DistriOptimizer$:791 - caching training rdd ...
2019-10-23 19:09:06 ERROR TaskSetManager:70 - Task 0 in stage 0.0 failed 4 times; aborting job
Traceback (most recent call last):
  File "/opt/src/lenet5.py", line 72, in <module>
    trained_model = optimizer.optimize()
  File "/opt/big_dl/lib/bigdl-0.9.0-python-api.zip/bigdl/optim/optimizer.py", line 764, in optimize
  File "/opt/big_dl/lib/bigdl-0.9.0-python-api.zip/bigdl/util/common.py", line 634, in callJavaFunc
  File "/opt/spark/python/lib/py4j-0.10.7-src.zip/py4j/java_gateway.py", line 1257, in __call__
  File "/opt/spark/python/lib/py4j-0.10.7-src.zip/py4j/protocol.py", line 328, in get_return_value
py4j.protocol.Py4JJavaError: An error occurred while calling o110.optimize.
: org.apache.spark.SparkException: Job aborted due to stage failure: Task 0 in stage 0.0 failed 4 times, most recent failure: Lost task 0.3 in stage 0.0 (TID 4, 172.19.0.3, executor 1): java.nio.file.FileSystemException: /tmp/spark-39b33d24-6f8a-4381-9254-a68894f2435d/executor-1a1a1d8e-5d65-4036-89cd-2431f5ec2359/spark-723bf73b-c9a5-4f8f-a28a-ef088f3cc189/20125489141571857735692_cache -> ./bigdl-SPARK_2.4-0.9.0-jar-with-dependencies.jar: No space left on device
	at sun.nio.fs.UnixException.translateToIOException(UnixException.java:91)
	at sun.nio.fs.UnixException.rethrowAsIOException(UnixException.java:102)
	at sun.nio.fs.UnixCopyFile.copyFile(UnixCopyFile.java:253)
	at sun.nio.fs.UnixCopyFile.copy(UnixCopyFile.java:581)
	at sun.nio.fs.UnixFileSystemProvider.copy(UnixFileSystemProvider.java:253)
	at java.nio.file.Files.copy(Files.java:1274)
	at org.apache.spark.util.Utils$.org$apache$spark$util$Utils$$copyRecursive(Utils.scala:664)
	at org.apache.spark.util.Utils$.copyFile(Utils.scala:635)
	at org.apache.spark.util.Utils$.fetchFile(Utils.scala:502)
	at org.apache.spark.executor.Executor$$anonfun$org$apache$spark$executor$Executor$$updateDependencies$5.apply(Executor.scala:805)
	at org.apache.spark.executor.Executor$$anonfun$org$apache$spark$executor$Executor$$updateDependencies$5.apply(Executor.scala:797)
	at scala.collection.TraversableLike$WithFilter$$anonfun$foreach$1.apply(TraversableLike.scala:733)
	at scala.collection.mutable.HashMap$$anonfun$foreach$1.apply(HashMap.scala:130)
	at scala.collection.mutable.HashMap$$anonfun$foreach$1.apply(HashMap.scala:130)
	at scala.collection.mutable.HashTable$class.foreachEntry(HashTable.scala:236)
	at scala.collection.mutable.HashMap.foreachEntry(HashMap.scala:40)
	at scala.collection.mutable.HashMap.foreach(HashMap.scala:130)
	at scala.collection.TraversableLike$WithFilter.foreach(TraversableLike.scala:732)
	at org.apache.spark.executor.Executor.org$apache$spark$executor$Executor$$updateDependencies(Executor.scala:797)
	at org.apache.spark.executor.Executor$TaskRunner.run(Executor.scala:369)
	at java.util.concurrent.ThreadPoolExecutor.runWorker(ThreadPoolExecutor.java:1149)
	at java.util.concurrent.ThreadPoolExecutor$Worker.run(ThreadPoolExecutor.java:624)
	at java.lang.Thread.run(Thread.java:748)

Driver stacktrace:
	at org.apache.spark.scheduler.DAGScheduler.org$apache$spark$scheduler$DAGScheduler$$failJobAndIndependentStages(DAGScheduler.scala:1887)
	at org.apache.spark.scheduler.DAGScheduler$$anonfun$abortStage$1.apply(DAGScheduler.scala:1875)
	at org.apache.spark.scheduler.DAGScheduler$$anonfun$abortStage$1.apply(DAGScheduler.scala:1874)
	at scala.collection.mutable.ResizableArray$class.foreach(ResizableArray.scala:59)
	at scala.collection.mutable.ArrayBuffer.foreach(ArrayBuffer.scala:48)
	at org.apache.spark.scheduler.DAGScheduler.abortStage(DAGScheduler.scala:1874)
	at org.apache.spark.scheduler.DAGScheduler$$anonfun$handleTaskSetFailed$1.apply(DAGScheduler.scala:926)
	at org.apache.spark.scheduler.DAGScheduler$$anonfun$handleTaskSetFailed$1.apply(DAGScheduler.scala:926)
	at scala.Option.foreach(Option.scala:257)
	at org.apache.spark.scheduler.DAGScheduler.handleTaskSetFailed(DAGScheduler.scala:926)
	at org.apache.spark.scheduler.DAGSchedulerEventProcessLoop.doOnReceive(DAGScheduler.scala:2108)
	at org.apache.spark.scheduler.DAGSchedulerEventProcessLoop.onReceive(DAGScheduler.scala:2057)
	at org.apache.spark.scheduler.DAGSchedulerEventProcessLoop.onReceive(DAGScheduler.scala:2046)
	at org.apache.spark.util.EventLoop$$anon$1.run(EventLoop.scala:49)
	at org.apache.spark.scheduler.DAGScheduler.runJob(DAGScheduler.scala:737)
	at org.apache.spark.SparkContext.runJob(SparkContext.scala:2061)
	at org.apache.spark.SparkContext.runJob(SparkContext.scala:2082)
	at org.apache.spark.SparkContext.runJob(SparkContext.scala:2101)
	at org.apache.spark.SparkContext.runJob(SparkContext.scala:2126)
	at org.apache.spark.rdd.RDD.count(RDD.scala:1168)
	at com.intel.analytics.bigdl.dataset.DistributedDataSet$$anon$5.cache(DataSet.scala:191)
	at com.intel.analytics.bigdl.optim.AbstractOptimizer.prepareInput(AbstractOptimizer.scala:281)
	at com.intel.analytics.bigdl.optim.DistriOptimizer.prepareInput(DistriOptimizer.scala:792)
	at com.intel.analytics.bigdl.optim.DistriOptimizer.optimize(DistriOptimizer.scala:852)
	at sun.reflect.NativeMethodAccessorImpl.invoke0(Native Method)
	at sun.reflect.NativeMethodAccessorImpl.invoke(NativeMethodAccessorImpl.java:62)
	at sun.reflect.DelegatingMethodAccessorImpl.invoke(DelegatingMethodAccessorImpl.java:43)
	at java.lang.reflect.Method.invoke(Method.java:498)
	at py4j.reflection.MethodInvoker.invoke(MethodInvoker.java:244)
	at py4j.reflection.ReflectionEngine.invoke(ReflectionEngine.java:357)
	at py4j.Gateway.invoke(Gateway.java:282)
	at py4j.commands.AbstractCommand.invokeMethod(AbstractCommand.java:132)
	at py4j.commands.CallCommand.execute(CallCommand.java:79)
	at py4j.GatewayConnection.run(GatewayConnection.java:238)
	at java.lang.Thread.run(Thread.java:748)
Caused by: java.nio.file.FileSystemException: /tmp/spark-39b33d24-6f8a-4381-9254-a68894f2435d/executor-1a1a1d8e-5d65-4036-89cd-2431f5ec2359/spark-723bf73b-c9a5-4f8f-a28a-ef088f3cc189/20125489141571857735692_cache -> ./bigdl-SPARK_2.4-0.9.0-jar-with-dependencies.jar: No space left on device
	at sun.nio.fs.UnixException.translateToIOException(UnixException.java:91)
	at sun.nio.fs.UnixException.rethrowAsIOException(UnixException.java:102)
	at sun.nio.fs.UnixCopyFile.copyFile(UnixCopyFile.java:253)
	at sun.nio.fs.UnixCopyFile.copy(UnixCopyFile.java:581)
	at sun.nio.fs.UnixFileSystemProvider.copy(UnixFileSystemProvider.java:253)
	at java.nio.file.Files.copy(Files.java:1274)
	at org.apache.spark.util.Utils$.org$apache$spark$util$Utils$$copyRecursive(Utils.scala:664)
	at org.apache.spark.util.Utils$.copyFile(Utils.scala:635)
	at org.apache.spark.util.Utils$.fetchFile(Utils.scala:502)
	at org.apache.spark.executor.Executor$$anonfun$org$apache$spark$executor$Executor$$updateDependencies$5.apply(Executor.scala:805)
	at org.apache.spark.executor.Executor$$anonfun$org$apache$spark$executor$Executor$$updateDependencies$5.apply(Executor.scala:797)
	at scala.collection.TraversableLike$WithFilter$$anonfun$foreach$1.apply(TraversableLike.scala:733)
	at scala.collection.mutable.HashMap$$anonfun$foreach$1.apply(HashMap.scala:130)
	at scala.collection.mutable.HashMap$$anonfun$foreach$1.apply(HashMap.scala:130)
	at scala.collection.mutable.HashTable$class.foreachEntry(HashTable.scala:236)
	at scala.collection.mutable.HashMap.foreachEntry(HashMap.scala:40)
	at scala.collection.mutable.HashMap.foreach(HashMap.scala:130)
	at scala.collection.TraversableLike$WithFilter.foreach(TraversableLike.scala:732)
	at org.apache.spark.executor.Executor.org$apache$spark$executor$Executor$$updateDependencies(Executor.scala:797)
	at org.apache.spark.executor.Executor$TaskRunner.run(Executor.scala:369)
	at java.util.concurrent.ThreadPoolExecutor.runWorker(ThreadPoolExecutor.java:1149)
	at java.util.concurrent.ThreadPoolExecutor$Worker.run(ThreadPoolExecutor.java:624)
	... 1 more

2019-10-23 19:09:06 ERROR TransportRequestHandler:293 - Error sending result StreamResponse{streamId=/jars/bigdl-SPARK_2.4-0.9.0-jar-with-dependencies.jar, byteCount=146830010, body=FileSegmentManagedBuffer{file=/opt/big_dl/lib/bigdl-SPARK_2.4-0.9.0-jar-with-dependencies.jar, offset=0, length=146830010}} to /172.19.0.8:46748; closing connection
java.nio.channels.ClosedChannelException
	at io.netty.channel.AbstractChannel$AbstractUnsafe.close(...)(Unknown Source)
