SUBMITTED
/opt/src/lenet5.py --action train --dataPath /opt/data --batchSize 120 --endTriggerType epoch --endTriggerNum 20
2019-10-23 19:07:07 WARN  NativeCodeLoader:62 - Unable to load native-hadoop library for your platform... using builtin-java classes where applicable
2019-10-23 19:07:08 INFO  SparkContext:54 - Running Spark version 2.4.0
2019-10-23 19:07:08 INFO  SparkContext:54 - Submitted application: lenet5
2019-10-23 19:07:08 INFO  SecurityManager:54 - Changing view acls to: root
2019-10-23 19:07:08 INFO  SecurityManager:54 - Changing modify acls to: root
2019-10-23 19:07:08 INFO  SecurityManager:54 - Changing view acls groups to: 
2019-10-23 19:07:08 INFO  SecurityManager:54 - Changing modify acls groups to: 
2019-10-23 19:07:08 INFO  SecurityManager:54 - SecurityManager: authentication disabled; ui acls disabled; users  with view permissions: Set(root); groups with view permissions: Set(); users  with modify permissions: Set(root); groups with modify permissions: Set()
2019-10-23 19:07:08 INFO  Utils:54 - Successfully started service 'sparkDriver' on port 46515.
2019-10-23 19:07:08 INFO  SparkEnv:54 - Registering MapOutputTracker
2019-10-23 19:07:08 INFO  SparkEnv:54 - Registering BlockManagerMaster
2019-10-23 19:07:08 INFO  BlockManagerMasterEndpoint:54 - Using org.apache.spark.storage.DefaultTopologyMapper for getting topology information
2019-10-23 19:07:08 INFO  BlockManagerMasterEndpoint:54 - BlockManagerMasterEndpoint up
2019-10-23 19:07:08 INFO  DiskBlockManager:54 - Created local directory at /tmp/blockmgr-cb77894e-33a5-448c-80fb-45bfa0509e52
2019-10-23 19:07:08 INFO  MemoryStore:54 - MemoryStore started with capacity 366.3 MB
2019-10-23 19:07:08 INFO  SparkEnv:54 - Registering OutputCommitCoordinator
2019-10-23 19:07:08 INFO  log:192 - Logging initialized @1946ms
2019-10-23 19:07:08 INFO  Server:351 - jetty-9.3.z-SNAPSHOT, build timestamp: unknown, git hash: unknown
2019-10-23 19:07:08 INFO  Server:419 - Started @2009ms
2019-10-23 19:07:08 INFO  AbstractConnector:278 - Started ServerConnector@dda6580{HTTP/1.1,[http/1.1]}{0.0.0.0:4040}
2019-10-23 19:07:08 INFO  Utils:54 - Successfully started service 'SparkUI' on port 4040.
2019-10-23 19:07:09 INFO  ContextHandler:781 - Started o.s.j.s.ServletContextHandler@33afc3c3{/jobs,null,AVAILABLE,@Spark}
2019-10-23 19:07:09 INFO  ContextHandler:781 - Started o.s.j.s.ServletContextHandler@4ef8ecaf{/jobs/json,null,AVAILABLE,@Spark}
2019-10-23 19:07:09 INFO  ContextHandler:781 - Started o.s.j.s.ServletContextHandler@24d4e6ab{/jobs/job,null,AVAILABLE,@Spark}
2019-10-23 19:07:09 INFO  ContextHandler:781 - Started o.s.j.s.ServletContextHandler@fb2abcd{/jobs/job/json,null,AVAILABLE,@Spark}
2019-10-23 19:07:09 INFO  ContextHandler:781 - Started o.s.j.s.ServletContextHandler@626b300{/stages,null,AVAILABLE,@Spark}
2019-10-23 19:07:09 INFO  ContextHandler:781 - Started o.s.j.s.ServletContextHandler@544fcd1{/stages/json,null,AVAILABLE,@Spark}
2019-10-23 19:07:09 INFO  ContextHandler:781 - Started o.s.j.s.ServletContextHandler@2df0aecf{/stages/stage,null,AVAILABLE,@Spark}
2019-10-23 19:07:09 INFO  ContextHandler:781 - Started o.s.j.s.ServletContextHandler@268b5908{/stages/stage/json,null,AVAILABLE,@Spark}
2019-10-23 19:07:09 INFO  ContextHandler:781 - Started o.s.j.s.ServletContextHandler@e250dc0{/stages/pool,null,AVAILABLE,@Spark}
2019-10-23 19:07:09 INFO  ContextHandler:781 - Started o.s.j.s.ServletContextHandler@d03c517{/stages/pool/json,null,AVAILABLE,@Spark}
2019-10-23 19:07:09 INFO  ContextHandler:781 - Started o.s.j.s.ServletContextHandler@55294974{/storage,null,AVAILABLE,@Spark}
2019-10-23 19:07:09 INFO  ContextHandler:781 - Started o.s.j.s.ServletContextHandler@291609c0{/storage/json,null,AVAILABLE,@Spark}
2019-10-23 19:07:09 INFO  ContextHandler:781 - Started o.s.j.s.ServletContextHandler@f7b5a2f{/storage/rdd,null,AVAILABLE,@Spark}
2019-10-23 19:07:09 INFO  ContextHandler:781 - Started o.s.j.s.ServletContextHandler@1cc31daa{/storage/rdd/json,null,AVAILABLE,@Spark}
2019-10-23 19:07:09 INFO  ContextHandler:781 - Started o.s.j.s.ServletContextHandler@33e95af{/environment,null,AVAILABLE,@Spark}
2019-10-23 19:07:09 INFO  ContextHandler:781 - Started o.s.j.s.ServletContextHandler@1a7fd401{/environment/json,null,AVAILABLE,@Spark}
2019-10-23 19:07:09 INFO  ContextHandler:781 - Started o.s.j.s.ServletContextHandler@4f804f43{/executors,null,AVAILABLE,@Spark}
2019-10-23 19:07:09 INFO  ContextHandler:781 - Started o.s.j.s.ServletContextHandler@4baa3554{/executors/json,null,AVAILABLE,@Spark}
2019-10-23 19:07:09 INFO  ContextHandler:781 - Started o.s.j.s.ServletContextHandler@3c4e5263{/executors/threadDump,null,AVAILABLE,@Spark}
2019-10-23 19:07:09 INFO  ContextHandler:781 - Started o.s.j.s.ServletContextHandler@58f54637{/executors/threadDump/json,null,AVAILABLE,@Spark}
2019-10-23 19:07:09 INFO  ContextHandler:781 - Started o.s.j.s.ServletContextHandler@15c2f03d{/static,null,AVAILABLE,@Spark}
2019-10-23 19:07:09 INFO  ContextHandler:781 - Started o.s.j.s.ServletContextHandler@3b3a88a{/,null,AVAILABLE,@Spark}
2019-10-23 19:07:09 INFO  ContextHandler:781 - Started o.s.j.s.ServletContextHandler@329c20b2{/api,null,AVAILABLE,@Spark}
2019-10-23 19:07:09 INFO  ContextHandler:781 - Started o.s.j.s.ServletContextHandler@1de287a1{/jobs/job/kill,null,AVAILABLE,@Spark}
2019-10-23 19:07:09 INFO  ContextHandler:781 - Started o.s.j.s.ServletContextHandler@4fd511c2{/stages/stage/kill,null,AVAILABLE,@Spark}
2019-10-23 19:07:09 INFO  SparkUI:54 - Bound SparkUI to 0.0.0.0, and started at http://0db75fc45bd3:4040
2019-10-23 19:07:09 INFO  SparkContext:54 - Added JAR file:///opt/big_dl/lib/bigdl-SPARK_2.4-0.9.0-jar-with-dependencies.jar at spark://0db75fc45bd3:46515/jars/bigdl-SPARK_2.4-0.9.0-jar-with-dependencies.jar with timestamp 1571857629045
2019-10-23 19:07:09 INFO  SparkContext:54 - Added file file:///opt/big_dl/lib/bigdl-0.9.0-python-api.zip at spark://0db75fc45bd3:46515/files/bigdl-0.9.0-python-api.zip with timestamp 1571857629060
2019-10-23 19:07:09 INFO  Utils:54 - Copying /opt/big_dl/lib/bigdl-0.9.0-python-api.zip to /tmp/spark-f1615a44-94bb-438d-b3d6-f36f8fe775f9/userFiles-5784a534-241c-43a7-a89e-de4456a473ca/bigdl-0.9.0-python-api.zip
2019-10-23 19:07:09 INFO  StandaloneAppClient$ClientEndpoint:54 - Connecting to master spark://spark-master:7077...
2019-10-23 19:07:09 INFO  TransportClientFactory:267 - Successfully created connection to spark-master/172.19.0.2:7077 after 33 ms (0 ms spent in bootstraps)
2019-10-23 19:07:09 INFO  StandaloneSchedulerBackend:54 - Connected to Spark cluster with app ID app-20191023190709-0028
2019-10-23 19:07:09 INFO  StandaloneAppClient$ClientEndpoint:54 - Executor added: app-20191023190709-0028/0 on worker-20191023153541-172.19.0.8-32881 (172.19.0.8:32881) with 1 core(s)
2019-10-23 19:07:09 INFO  StandaloneSchedulerBackend:54 - Granted executor ID app-20191023190709-0028/0 on hostPort 172.19.0.8:32881 with 1 core(s), 1024.0 MB RAM
2019-10-23 19:07:09 INFO  StandaloneAppClient$ClientEndpoint:54 - Executor added: app-20191023190709-0028/1 on worker-20191023153540-172.19.0.3-43023 (172.19.0.3:43023) with 1 core(s)
2019-10-23 19:07:09 INFO  StandaloneSchedulerBackend:54 - Granted executor ID app-20191023190709-0028/1 on hostPort 172.19.0.3:43023 with 1 core(s), 1024.0 MB RAM
2019-10-23 19:07:09 INFO  StandaloneAppClient$ClientEndpoint:54 - Executor updated: app-20191023190709-0028/1 is now RUNNING
2019-10-23 19:07:09 INFO  StandaloneAppClient$ClientEndpoint:54 - Executor updated: app-20191023190709-0028/0 is now RUNNING
2019-10-23 19:07:09 INFO  Utils:54 - Successfully started service 'org.apache.spark.network.netty.NettyBlockTransferService' on port 34319.
2019-10-23 19:07:09 INFO  NettyBlockTransferService:54 - Server created on 0db75fc45bd3:34319
2019-10-23 19:07:09 INFO  BlockManager:54 - Using org.apache.spark.storage.RandomBlockReplicationPolicy for block replication policy
2019-10-23 19:07:09 INFO  BlockManagerMaster:54 - Registering BlockManager BlockManagerId(driver, 0db75fc45bd3, 34319, None)
2019-10-23 19:07:09 INFO  BlockManagerMasterEndpoint:54 - Registering block manager 0db75fc45bd3:34319 with 366.3 MB RAM, BlockManagerId(driver, 0db75fc45bd3, 34319, None)
2019-10-23 19:07:09 INFO  BlockManagerMaster:54 - Registered BlockManager BlockManagerId(driver, 0db75fc45bd3, 34319, None)
2019-10-23 19:07:09 INFO  BlockManager:54 - Initialized BlockManager: BlockManagerId(driver, 0db75fc45bd3, 34319, None)
2019-10-23 19:07:09 INFO  ContextHandler:781 - Started o.s.j.s.ServletContextHandler@42cae710{/metrics/json,null,AVAILABLE,@Spark}
2019-10-23 19:07:11 INFO  CoarseGrainedSchedulerBackend$DriverEndpoint:54 - Registered executor NettyRpcEndpointRef(spark-client://Executor) (172.19.0.8:38716) with ID 0
2019-10-23 19:07:11 INFO  CoarseGrainedSchedulerBackend$DriverEndpoint:54 - Registered executor NettyRpcEndpointRef(spark-client://Executor) (172.19.0.3:48292) with ID 1
2019-10-23 19:07:11 INFO  StandaloneSchedulerBackend:54 - SchedulerBackend is ready for scheduling beginning after reached minRegisteredResourcesRatio: 1.0
2019-10-23 19:07:11 INFO  BlockManagerMasterEndpoint:54 - Registering block manager 172.19.0.8:35123 with 366.3 MB RAM, BlockManagerId(0, 172.19.0.8, 35123, None)
2019-10-23 19:07:11 INFO  BlockManagerMasterEndpoint:54 - Registering block manager 172.19.0.3:39571 with 366.3 MB RAM, BlockManagerId(1, 172.19.0.3, 39571, None)
2019-10-23 19:07:11 INFO  Engine$:112 - Auto detect executor number and executor cores number
2019-10-23 19:07:11 INFO  Engine$:114 - Executor number is 2 and executor cores number is 1
2019-10-23 19:07:12 INFO  ThreadPool$:95 - Set mkl threads to 1 on thread 19
2019-10-23 19:07:12 INFO  Engine$:404 - Find existing spark context. Checking the spark conf...
cls.getname: com.intel.analytics.bigdl.python.api.Sample
BigDLBasePickler registering: bigdl.util.common  Sample
cls.getname: com.intel.analytics.bigdl.python.api.EvaluatedResult
BigDLBasePickler registering: bigdl.util.common  EvaluatedResult
cls.getname: com.intel.analytics.bigdl.python.api.JTensor
BigDLBasePickler registering: bigdl.util.common  JTensor
cls.getname: com.intel.analytics.bigdl.python.api.JActivity
BigDLBasePickler registering: bigdl.util.common  JActivity
('Extracting', '/opt/data/train-images-idx3-ubyte.gz')
('Extracting', '/opt/data/train-labels-idx1-ubyte.gz')
('Extracting', '/opt/data/t10k-images-idx3-ubyte.gz')
('Extracting', '/opt/data/t10k-labels-idx1-ubyte.gz')
creating: createSequential
creating: createReshape
creating: createSpatialConvolution
creating: createTanh
creating: createSpatialMaxPooling
creating: createSpatialConvolution
creating: createTanh
creating: createSpatialMaxPooling
creating: createReshape
creating: createLinear
creating: createTanh
creating: createLinear
creating: createLogSoftMax
creating: createClassNLLCriterion
creating: createDefault
creating: createSGD
creating: createMaxEpoch
creating: createDistriOptimizer
disableCheckSingleton is deprecated. Please use bigdl.check.singleton instead
creating: createEveryEpoch
creating: createTop1Accuracy
creating: createEveryEpoch
2019-10-23 19:07:13 INFO  DistriOptimizer$:791 - caching training rdd ...
2019-10-23 19:07:18 ERROR TaskSetManager:70 - Task 1 in stage 0.0 failed 4 times; aborting job
Traceback (most recent call last):
  File "/opt/src/lenet5.py", line 72, in <module>
    trained_model = optimizer.optimize()
  File "/opt/big_dl/lib/bigdl-0.9.0-python-api.zip/bigdl/optim/optimizer.py", line 764, in optimize
  File "/opt/big_dl/lib/bigdl-0.9.0-python-api.zip/bigdl/util/common.py", line 634, in callJavaFunc
  File "/opt/spark/python/lib/py4j-0.10.7-src.zip/py4j/java_gateway.py", line 1257, in __call__
  File "/opt/spark/python/lib/py4j-0.10.7-src.zip/py4j/protocol.py", line 328, in get_return_value
py4j.protocol.Py4JJavaError: An error occurred while calling o110.optimize.
: org.apache.spark.SparkException: Job aborted due to stage failure: Task 1 in stage 0.0 failed 4 times, most recent failure: Lost task 1.3 in stage 0.0 (TID 4, 172.19.0.3, executor 1): java.lang.NoClassDefFoundError: Could not initialize class com.intel.analytics.bigdl.tensor.Tensor$
	at com.intel.analytics.bigdl.python.api.PythonBigDL.toTensor(PythonBigDL.scala:147)
	at com.intel.analytics.bigdl.python.api.PythonBigDL$$anonfun$toJSample$2.apply(PythonBigDL.scala:216)
	at com.intel.analytics.bigdl.python.api.PythonBigDL$$anonfun$toJSample$2.apply(PythonBigDL.scala:216)
	at scala.collection.TraversableLike$$anonfun$map$1.apply(TraversableLike.scala:234)
	at scala.collection.TraversableLike$$anonfun$map$1.apply(TraversableLike.scala:234)
	at scala.collection.IndexedSeqOptimized$class.foreach(IndexedSeqOptimized.scala:33)
	at scala.collection.mutable.ArrayOps$ofRef.foreach(ArrayOps.scala:186)
	at scala.collection.TraversableLike$class.map(TraversableLike.scala:234)
	at scala.collection.mutable.ArrayOps$ofRef.map(ArrayOps.scala:186)
	at com.intel.analytics.bigdl.python.api.PythonBigDL.toJSample(PythonBigDL.scala:216)
	at com.intel.analytics.bigdl.python.api.PythonBigDL$$anonfun$toJSample$4.apply(PythonBigDL.scala:221)
	at com.intel.analytics.bigdl.python.api.PythonBigDL$$anonfun$toJSample$4.apply(PythonBigDL.scala:221)
	at scala.collection.Iterator$$anon$11.next(Iterator.scala:410)
	at scala.collection.Iterator$$anon$11.next(Iterator.scala:410)
	at org.apache.spark.shuffle.sort.BypassMergeSortShuffleWriter.write(BypassMergeSortShuffleWriter.java:149)
	at org.apache.spark.scheduler.ShuffleMapTask.runTask(ShuffleMapTask.scala:99)
	at org.apache.spark.scheduler.ShuffleMapTask.runTask(ShuffleMapTask.scala:55)
	at org.apache.spark.scheduler.Task.run(Task.scala:121)
	at org.apache.spark.executor.Executor$TaskRunner$$anonfun$10.apply(Executor.scala:402)
	at org.apache.spark.util.Utils$.tryWithSafeFinally(Utils.scala:1360)
	at org.apache.spark.executor.Executor$TaskRunner.run(Executor.scala:408)
	at java.util.concurrent.ThreadPoolExecutor.runWorker(ThreadPoolExecutor.java:1149)
	at java.util.concurrent.ThreadPoolExecutor$Worker.run(ThreadPoolExecutor.java:624)
	at java.lang.Thread.run(Thread.java:748)

Driver stacktrace:
	at org.apache.spark.scheduler.DAGScheduler.org$apache$spark$scheduler$DAGScheduler$$failJobAndIndependentStages(DAGScheduler.scala:1887)
	at org.apache.spark.scheduler.DAGScheduler$$anonfun$abortStage$1.apply(DAGScheduler.scala:1875)
	at org.apache.spark.scheduler.DAGScheduler$$anonfun$abortStage$1.apply(DAGScheduler.scala:1874)
	at scala.collection.mutable.ResizableArray$class.foreach(ResizableArray.scala:59)
	at scala.collection.mutable.ArrayBuffer.foreach(ArrayBuffer.scala:48)
	at org.apache.spark.scheduler.DAGScheduler.abortStage(DAGScheduler.scala:1874)
	at org.apache.spark.scheduler.DAGScheduler$$anonfun$handleTaskSetFailed$1.apply(DAGScheduler.scala:926)
	at org.apache.spark.scheduler.DAGScheduler$$anonfun$handleTaskSetFailed$1.apply(DAGScheduler.scala:926)
	at scala.Option.foreach(Option.scala:257)
	at org.apache.spark.scheduler.DAGScheduler.handleTaskSetFailed(DAGScheduler.scala:926)
	at org.apache.spark.scheduler.DAGSchedulerEventProcessLoop.doOnReceive(DAGScheduler.scala:2108)
	at org.apache.spark.scheduler.DAGSchedulerEventProcessLoop.onReceive(DAGScheduler.scala:2057)
	at org.apache.spark.scheduler.DAGSchedulerEventProcessLoop.onReceive(DAGScheduler.scala:2046)
	at org.apache.spark.util.EventLoop$$anon$1.run(EventLoop.scala:49)
	at org.apache.spark.scheduler.DAGScheduler.runJob(DAGScheduler.scala:737)
	at org.apache.spark.SparkContext.runJob(SparkContext.scala:2061)
	at org.apache.spark.SparkContext.runJob(SparkContext.scala:2082)
	at org.apache.spark.SparkContext.runJob(SparkContext.scala:2101)
	at org.apache.spark.SparkContext.runJob(SparkContext.scala:2126)
	at org.apache.spark.rdd.RDD.count(RDD.scala:1168)
	at com.intel.analytics.bigdl.dataset.DistributedDataSet$$anon$5.cache(DataSet.scala:191)
	at com.intel.analytics.bigdl.optim.AbstractOptimizer.prepareInput(AbstractOptimizer.scala:281)
	at com.intel.analytics.bigdl.optim.DistriOptimizer.prepareInput(DistriOptimizer.scala:792)
	at com.intel.analytics.bigdl.optim.DistriOptimizer.optimize(DistriOptimizer.scala:852)
	at sun.reflect.NativeMethodAccessorImpl.invoke0(Native Method)
	at sun.reflect.NativeMethodAccessorImpl.invoke(NativeMethodAccessorImpl.java:62)
	at sun.reflect.DelegatingMethodAccessorImpl.invoke(DelegatingMethodAccessorImpl.java:43)
	at java.lang.reflect.Method.invoke(Method.java:498)
	at py4j.reflection.MethodInvoker.invoke(MethodInvoker.java:244)
	at py4j.reflection.ReflectionEngine.invoke(ReflectionEngine.java:357)
	at py4j.Gateway.invoke(Gateway.java:282)
	at py4j.commands.AbstractCommand.invokeMethod(AbstractCommand.java:132)
	at py4j.commands.CallCommand.execute(CallCommand.java:79)
	at py4j.GatewayConnection.run(GatewayConnection.java:238)
	at java.lang.Thread.run(Thread.java:748)
Caused by: java.lang.NoClassDefFoundError: Could not initialize class com.intel.analytics.bigdl.tensor.Tensor$
	at com.intel.analytics.bigdl.python.api.PythonBigDL.toTensor(PythonBigDL.scala:147)
	at com.intel.analytics.bigdl.python.api.PythonBigDL$$anonfun$toJSample$2.apply(PythonBigDL.scala:216)
	at com.intel.analytics.bigdl.python.api.PythonBigDL$$anonfun$toJSample$2.apply(PythonBigDL.scala:216)
	at scala.collection.TraversableLike$$anonfun$map$1.apply(TraversableLike.scala:234)
	at scala.collection.TraversableLike$$anonfun$map$1.apply(TraversableLike.scala:234)
	at scala.collection.IndexedSeqOptimized$class.foreach(IndexedSeqOptimized.scala:33)
	at scala.collection.mutable.ArrayOps$ofRef.foreach(ArrayOps.scala:186)
	at scala.collection.TraversableLike$class.map(TraversableLike.scala:234)
	at scala.collection.mutable.ArrayOps$ofRef.map(ArrayOps.scala:186)
	at com.intel.analytics.bigdl.python.api.PythonBigDL.toJSample(PythonBigDL.scala:216)
	at com.intel.analytics.bigdl.python.api.PythonBigDL$$anonfun$toJSample$4.apply(PythonBigDL.scala:221)
	at com.intel.analytics.bigdl.python.api.PythonBigDL$$anonfun$toJSample$4.apply(PythonBigDL.scala:221)
	at scala.collection.Iterator$$anon$11.next(Iterator.scala:410)
	at scala.collection.Iterator$$anon$11.next(Iterator.scala:410)
	at org.apache.spark.shuffle.sort.BypassMergeSortShuffleWriter.write(BypassMergeSortShuffleWriter.java:149)
	at org.apache.spark.scheduler.ShuffleMapTask.runTask(ShuffleMapTask.scala:99)
	at org.apache.spark.scheduler.ShuffleMapTask.runTask(ShuffleMapTask.scala:55)
	at org.apache.spark.scheduler.Task.run(Task.scala:121)
	at org.apache.spark.executor.Executor$TaskRunner$$anonfun$10.apply(Executor.scala:402)
	at org.apache.spark.util.Utils$.tryWithSafeFinally(Utils.scala:1360)
	at org.apache.spark.executor.Executor$TaskRunner.run(Executor.scala:408)
	at java.util.concurrent.ThreadPoolExecutor.runWorker(ThreadPoolExecutor.java:1149)
	at java.util.concurrent.ThreadPoolExecutor$Worker.run(ThreadPoolExecutor.java:624)
	... 1 more

